\BOOKMARK [1][-]{section.1}{Introducci\363n.}{}% 1
\BOOKMARK [2][-]{subsection.1.1}{Objetivos del Proyecto.}{section.1}% 2
\BOOKMARK [3][-]{subsubsection.1.1.1}{Objetivo general.}{subsection.1.1}% 3
\BOOKMARK [3][-]{subsubsection.1.1.2}{Objetivos espec\355ficos.}{subsection.1.1}% 4
\BOOKMARK [2][-]{subsection.1.2}{Alcance del Proyecto.}{section.1}% 5
\BOOKMARK [2][-]{subsection.1.3}{Organizaci\363n.}{section.1}% 6
\BOOKMARK [1][-]{section.2}{Reclutamiento y selecci\363n laboral.}{}% 7
\BOOKMARK [2][-]{subsection.2.1}{Introducci\363n.}{section.2}% 8
\BOOKMARK [2][-]{subsection.2.2}{Reclutamiento vs selecci\363n.}{section.2}% 9
\BOOKMARK [2][-]{subsection.2.3}{Evoluci\363n de los procesos de reclutamiento y selecci\363n laboral.}{section.2}% 10
\BOOKMARK [2][-]{subsection.2.4}{Cribado o screening.}{section.2}% 11
\BOOKMARK [3][-]{subsubsection.2.4.1}{Screening manual vs screening automatizado}{subsection.2.4}% 12
\BOOKMARK [2][-]{subsection.2.5}{Sistemas de screening: Estado del arte.}{section.2}% 13
\BOOKMARK [2][-]{subsection.2.6}{Enfoque del Proyecto.}{section.2}% 14
\BOOKMARK [1][-]{section.3}{Algoritmos de Machine Learning.}{}% 15
\BOOKMARK [2][-]{subsection.3.1}{Introducci\363n.}{section.3}% 16
\BOOKMARK [2][-]{subsection.3.2}{K-Nearest Neighbor \(KNN\).}{section.3}% 17
\BOOKMARK [2][-]{subsection.3.3}{K-Means.}{section.3}% 18
\BOOKMARK [3][-]{subsubsection.3.3.1}{Elbow Method.}{subsection.3.3}% 19
\BOOKMARK [1][-]{section.4}{Natural Language Processing.}{}% 20
\BOOKMARK [2][-]{subsection.4.1}{Introducci\363n.}{section.4}% 21
\BOOKMARK [2][-]{subsection.4.2}{Preprocesamiento de textos.}{section.4}% 22
\BOOKMARK [2][-]{subsection.4.3}{Similitud entre textos.}{section.4}% 23
\BOOKMARK [2][-]{subsection.4.4}{T\351cnicas para medir Similitud entre textos.}{section.4}% 24
\BOOKMARK [3][-]{subsubsection.4.4.1}{Cosine Similarity.}{subsection.4.4}% 25
\BOOKMARK [3][-]{subsubsection.4.4.2}{Word Mover's Distance \(WMD\).}{subsection.4.4}% 26
\BOOKMARK [2][-]{subsection.4.5}{Algoritmos de vectorizaci\363n.}{section.4}% 27
\BOOKMARK [3][-]{subsubsection.4.5.1}{TF-IDF.}{subsection.4.5}% 28
\BOOKMARK [3][-]{subsubsection.4.5.2}{Word Embeddings.}{subsection.4.5}% 29
\BOOKMARK [4][-]{paragraph.4.5.2.1}{\277C\363mo entrenar Word Embeddings?}{subsubsection.4.5.2}% 30
\BOOKMARK [1][-]{section.5}{Implementaci\363n.}{}% 31
\BOOKMARK [2][-]{subsection.5.1}{Obtenci\363n del modelo de clasificaci\363n.}{section.5}% 32
\BOOKMARK [3][-]{subsubsection.5.1.1}{Introducci\363n.}{subsection.5.1}% 33
\BOOKMARK [3][-]{subsubsection.5.1.2}{Esquema.}{subsection.5.1}% 34
\BOOKMARK [3][-]{subsubsection.5.1.3}{Obtenci\363n de sets de datos.}{subsection.5.1}% 35
\BOOKMARK [4][-]{paragraph.5.1.3.1}{Curriculum Vitae.}{subsubsection.5.1.3}% 36
\BOOKMARK [4][-]{paragraph.5.1.3.2}{Descripciones Puestos Laborales.}{subsubsection.5.1.3}% 37
\BOOKMARK [3][-]{subsubsection.5.1.4}{Preprocesamiento y limpieza de datos.}{subsection.5.1}% 38
\BOOKMARK [3][-]{subsubsection.5.1.5}{Cantidad final del set de datos y su uso en las distintas etapas.}{subsection.5.1}% 39
\BOOKMARK [2][-]{subsection.5.2}{Comparando textos y obteniendo similitudes.}{section.5}% 40
\BOOKMARK [2][-]{subsection.5.3}{Armado del modelo de clasificaci\363n KNN.}{section.5}% 41
\BOOKMARK [2][-]{subsection.5.4}{Clasificaci\363n de nuevas muestras y resultados obtenidos.}{section.5}% 42
\BOOKMARK [2][-]{subsection.5.5}{Integraci\363n al Sistema Web.}{section.5}% 43
\BOOKMARK [3][-]{subsubsection.5.5.1}{Base de datos.}{subsection.5.5}% 44
\BOOKMARK [3][-]{subsubsection.5.5.2}{Secciones del sistema}{subsection.5.5}% 45
\BOOKMARK [3][-]{subsubsection.5.5.3}{Manejo de los datos.}{subsection.5.5}% 46
\BOOKMARK [4][-]{paragraph.5.5.3.1}{Modelado.}{subsubsection.5.5.3}% 47
\BOOKMARK [4][-]{paragraph.5.5.3.2}{Filtrado.}{subsubsection.5.5.3}% 48
\BOOKMARK [4][-]{paragraph.5.5.3.3}{Visualizaci\363n.}{subsubsection.5.5.3}% 49
\BOOKMARK [2][-]{subsection.5.6}{Pipeline Flow final del Sistema.}{section.5}% 50
\BOOKMARK [2][-]{subsection.5.7}{Conclusiones.}{section.5}% 51
\BOOKMARK [2][-]{subsection.5.8}{Caso de Uso.}{section.5}% 52
\BOOKMARK [2][-]{subsection.5.9}{Limitaciones del sistema.}{section.5}% 53
\BOOKMARK [1][-]{section.6}{Pr\363ximos pasos.}{}% 54
\BOOKMARK [1][-]{section.7}{Anexos.}{}% 55
